<?xml version="1.0" encoding="utf-8"?><testsuites name="pytest tests"><testsuite name="pytest" errors="0" failures="0" skipped="0" tests="19" time="5.111" timestamp="2026-02-20T23:17:51.881404+00:00" hostname="agent-env-c825399c-63ee-4995-b7aa-0890c76138cc"><testcase classname="backend.tests.test_admin_crud.TestBonusSitesCRUD" name="test_get_bonus_sites" time="1.166" /><testcase classname="backend.tests.test_admin_crud.TestBonusSitesCRUD" name="test_create_bonus_site" time="0.146" /><testcase classname="backend.tests.test_admin_crud.TestBonusSitesCRUD" name="test_update_bonus_site" time="0.351" /><testcase classname="backend.tests.test_admin_crud.TestBonusSitesCRUD" name="test_delete_bonus_site" time="0.340" /><testcase classname="backend.tests.test_admin_crud.TestArticlesCRUD" name="test_create_article" time="0.113" /><testcase classname="backend.tests.test_admin_crud.TestArticlesCRUD" name="test_create_article_without_title_fails" time="0.139" /><testcase classname="backend.tests.test_admin_crud.TestArticlesCRUD" name="test_get_single_article" time="0.309" /><testcase classname="backend.tests.test_admin_crud.TestArticlesCRUD" name="test_get_nonexistent_article" time="0.140" /><testcase classname="backend.tests.test_admin_crud.TestArticlesCRUD" name="test_update_article" time="0.286" /><testcase classname="backend.tests.test_admin_crud.TestArticlesCRUD" name="test_delete_article" time="0.216" /><testcase classname="backend.tests.test_admin_crud.TestArticlesCRUD" name="test_search_articles" time="0.269" /><testcase classname="backend.tests.test_admin_crud.TestArticlesCRUD" name="test_filter_articles_by_category" time="0.232" /><testcase classname="backend.tests.test_admin_crud.TestDomainsCRUD" name="test_get_domains" time="0.110" /><testcase classname="backend.tests.test_admin_crud.TestDomainsCRUD" name="test_create_domain" time="0.114" /><testcase classname="backend.tests.test_admin_crud.TestDomainsCRUD" name="test_update_domain" time="0.308" /><testcase classname="backend.tests.test_admin_crud.TestDomainsCRUD" name="test_delete_domain" time="0.247" /><testcase classname="backend.tests.test_admin_crud.TestDomainsCRUD" name="test_create_duplicate_domain_fails" time="0.285" /><testcase classname="backend.tests.test_admin_crud.TestAutoContent" name="test_generate_article" time="0.139" /><testcase classname="backend.tests.test_admin_crud.TestAdminAPIStatus" name="test_api_status" time="0.147" /></testsuite></testsuites>