<?xml version="1.0" encoding="utf-8"?><testsuites name="pytest tests"><testsuite name="pytest" errors="0" failures="0" skipped="0" tests="32" time="9.087" timestamp="2026-03-14T20:18:08.725711+00:00" hostname="agent-env-6340ecb7-1c32-4729-ae9e-0baf05a9afe6"><testcase classname="tests.test_admin_control.TestAuth" name="test_login_success" time="0.373" /><testcase classname="tests.test_admin_control.TestAuth" name="test_login_invalid_credentials" time="0.326" /><testcase classname="tests.test_admin_control.TestAuthProtection" name="test_endpoint_requires_auth[/api/admin/seo/dashboard]" time="0.109" /><testcase classname="tests.test_admin_control.TestAuthProtection" name="test_endpoint_requires_auth[/api/admin/seo/settings]" time="0.133" /><testcase classname="tests.test_admin_control.TestAuthProtection" name="test_endpoint_requires_auth[/api/admin/seo/page-types]" time="0.121" /><testcase classname="tests.test_admin_control.TestAuthProtection" name="test_endpoint_requires_auth[/api/admin/seo/agents]" time="0.113" /><testcase classname="tests.test_admin_control.TestAuthProtection" name="test_endpoint_requires_auth[/api/admin/seo/publishing]" time="0.122" /><testcase classname="tests.test_admin_control.TestAuthProtection" name="test_endpoint_requires_auth[/api/admin/seo/companies]" time="0.126" /><testcase classname="tests.test_admin_control.TestAuthProtection" name="test_endpoint_requires_auth[/api/admin/seo/serp]" time="0.113" /><testcase classname="tests.test_admin_control.TestAuthProtection" name="test_endpoint_requires_auth[/api/admin/seo/articles]" time="0.100" /><testcase classname="tests.test_admin_control.TestAuthProtection" name="test_endpoint_requires_auth[/api/admin/seo/sitemap]" time="0.108" /><testcase classname="tests.test_admin_control.TestAuthProtection" name="test_endpoint_requires_auth[/api/admin/seo/indexing]" time="0.109" /><testcase classname="tests.test_admin_control.TestAuthProtection" name="test_settings_post_requires_auth" time="0.103" /><testcase classname="tests.test_admin_control.TestAuthProtection" name="test_companies_priority_post_requires_auth" time="0.122" /><testcase classname="tests.test_admin_control.TestAdminSEODashboard" name="test_dashboard_returns_all_sections" time="0.489" /><testcase classname="tests.test_admin_control.TestAdminSEOSettings" name="test_get_settings" time="0.479" /><testcase classname="tests.test_admin_control.TestAdminSEOSettings" name="test_update_settings_by_dot_path" time="0.370" /><testcase classname="tests.test_admin_control.TestAdminSEOSettings" name="test_update_settings_missing_path" time="0.226" /><testcase classname="tests.test_admin_control.TestAdminSEOPageTypes" name="test_get_page_types" time="0.448" /><testcase classname="tests.test_admin_control.TestAdminSEOAgents" name="test_get_agents" time="0.454" /><testcase classname="tests.test_admin_control.TestAdminSEOPublishing" name="test_get_publishing" time="0.468" /><testcase classname="tests.test_admin_control.TestAdminSEOCompanies" name="test_get_companies" time="0.540" /><testcase classname="tests.test_admin_control.TestAdminSEOCompanies" name="test_update_company_priority" time="0.393" /><testcase classname="tests.test_admin_control.TestAdminSEOCompanies" name="test_update_priority_missing_base_slug" time="0.115" /><testcase classname="tests.test_admin_control.TestAdminSEOSerp" name="test_get_serp" time="0.452" /><testcase classname="tests.test_admin_control.TestAdminSEOArticles" name="test_get_articles" time="0.481" /><testcase classname="tests.test_admin_control.TestAdminSEOSitemap" name="test_get_sitemap" time="0.515" /><testcase classname="tests.test_admin_control.TestAdminSEOIndexing" name="test_get_indexing" time="0.622" /><testcase classname="tests.test_admin_control.TestExistingRoutesUnbroken" name="test_bonus_sites_endpoint" time="0.125" /><testcase classname="tests.test_admin_control.TestExistingRoutesUnbroken" name="test_publish_status_endpoint" time="0.473" /><testcase classname="tests.test_admin_control.TestExistingRoutesUnbroken" name="test_programmatic_stats_endpoint" time="0.118" /><testcase classname="tests.test_admin_control.TestExistingRoutesUnbroken" name="test_db_check_endpoint" time="0.128" /></testsuite></testsuites>