<?xml version="1.0" encoding="utf-8"?><testsuites name="pytest tests"><testsuite name="pytest" errors="0" failures="0" skipped="0" tests="16" time="2.760" timestamp="2026-02-27T00:08:02.307764+00:00" hostname="agent-env-d534aeb0-0437-4fe1-a8c0-5f712ef5fd38"><testcase classname="backend.tests.test_ai_video_generation.TestAIVideoGenerationEndpoint" name="test_generate_endpoint_requires_auth" time="0.149" /><testcase classname="backend.tests.test_ai_video_generation.TestAIVideoGenerationEndpoint" name="test_generate_endpoint_accepts_auth" time="0.495" /><testcase classname="backend.tests.test_ai_video_generation.TestAIVideoStatusAfterGeneration" name="test_video_endpoint_returns_ai_video_fields" time="0.128" /><testcase classname="backend.tests.test_ai_video_generation.TestAIVideoStatusAfterGeneration" name="test_ai_video_status_is_ready_after_generation" time="0.111" /><testcase classname="backend.tests.test_ai_video_generation.TestAIVideoStatusAfterGeneration" name="test_ai_video_url_points_to_generated_file" time="0.126" /><testcase classname="backend.tests.test_ai_video_generation.TestGeneratedVideoFileEndpoint" name="test_generated_video_file_exists" time="0.370" /><testcase classname="backend.tests.test_ai_video_generation.TestGeneratedVideoFileEndpoint" name="test_generated_video_404_for_nonexistent" time="0.124" /><testcase classname="backend.tests.test_ai_video_generation.TestAMPVideoPage" name="test_amp_video_returns_html" time="0.119" /><testcase classname="backend.tests.test_ai_video_generation.TestAMPVideoPage" name="test_amp_video_contains_amp_elements" time="0.124" /><testcase classname="backend.tests.test_ai_video_generation.TestAMPVideoPage" name="test_amp_video_contains_video_schema" time="0.150" /><testcase classname="backend.tests.test_ai_video_generation.TestAMPVideoPage" name="test_amp_video_contains_canonical_link" time="0.129" /><testcase classname="backend.tests.test_ai_video_generation.TestFallbackRegression" name="test_firm_without_ai_video_uses_embed" time="0.125" /><testcase classname="backend.tests.test_ai_video_generation.TestSitemapRegression" name="test_sitemap_index_contains_video_sitemaps" time="0.118" /><testcase classname="backend.tests.test_ai_video_generation.TestSitemapRegression" name="test_sitemap_videos_returns_xml" time="0.150" /><testcase classname="backend.tests.test_ai_video_generation.TestSitemapRegression" name="test_sitemap_amp_videos_returns_xml" time="0.145" /><testcase classname="backend.tests.test_ai_video_generation.TestFirmDetailAPI" name="test_firma_detail_includes_video_fields" time="0.121" /></testsuite></testsuites>