<?xml version="1.0" encoding="utf-8"?><testsuites name="pytest tests"><testsuite name="pytest" errors="1" failures="0" skipped="0" tests="16" time="2.729" timestamp="2026-02-27T00:07:44.396355+00:00" hostname="agent-env-d534aeb0-0437-4fe1-a8c0-5f712ef5fd38"><testcase classname="backend.tests.test_ai_video_generation.TestAIVideoGenerationEndpoint" name="test_generate_endpoint_requires_auth" time="0.272" /><testcase classname="backend.tests.test_ai_video_generation.TestAIVideoGenerationEndpoint" name="test_generate_endpoint_accepts_auth" time="0.116"><error message="failed on setup with &quot;AssertionError: Admin login failed: {&quot;detail&quot;:&quot;Not Found&quot;}&#10;assert 404 == 200&#10; +  where 404 = &lt;Response [404]&gt;.status_code&quot;">backend/tests/test_ai_video_generation.py:32: in admin_token
    assert response.status_code == 200, f"Admin login failed: {response.text}"
E   AssertionError: Admin login failed: {"detail":"Not Found"}
E   assert 404 == 200
E    +  where 404 = &lt;Response [404]&gt;.status_code</error></testcase><testcase classname="backend.tests.test_ai_video_generation.TestAIVideoStatusAfterGeneration" name="test_video_endpoint_returns_ai_video_fields" time="0.162" /><testcase classname="backend.tests.test_ai_video_generation.TestAIVideoStatusAfterGeneration" name="test_ai_video_status_is_ready_after_generation" time="0.115" /><testcase classname="backend.tests.test_ai_video_generation.TestAIVideoStatusAfterGeneration" name="test_ai_video_url_points_to_generated_file" time="0.149" /><testcase classname="backend.tests.test_ai_video_generation.TestGeneratedVideoFileEndpoint" name="test_generated_video_file_exists" time="0.445" /><testcase classname="backend.tests.test_ai_video_generation.TestGeneratedVideoFileEndpoint" name="test_generated_video_404_for_nonexistent" time="0.116" /><testcase classname="backend.tests.test_ai_video_generation.TestAMPVideoPage" name="test_amp_video_returns_html" time="0.111" /><testcase classname="backend.tests.test_ai_video_generation.TestAMPVideoPage" name="test_amp_video_contains_amp_elements" time="0.128" /><testcase classname="backend.tests.test_ai_video_generation.TestAMPVideoPage" name="test_amp_video_contains_video_schema" time="0.133" /><testcase classname="backend.tests.test_ai_video_generation.TestAMPVideoPage" name="test_amp_video_contains_canonical_link" time="0.139" /><testcase classname="backend.tests.test_ai_video_generation.TestFallbackRegression" name="test_firm_without_ai_video_uses_embed" time="0.133" /><testcase classname="backend.tests.test_ai_video_generation.TestSitemapRegression" name="test_sitemap_index_contains_video_sitemaps" time="0.151" /><testcase classname="backend.tests.test_ai_video_generation.TestSitemapRegression" name="test_sitemap_videos_returns_xml" time="0.154" /><testcase classname="backend.tests.test_ai_video_generation.TestSitemapRegression" name="test_sitemap_amp_videos_returns_xml" time="0.136" /><testcase classname="backend.tests.test_ai_video_generation.TestFirmDetailAPI" name="test_firma_detail_includes_video_fields" time="0.176" /></testsuite></testsuites>