<?xml version="1.0" encoding="utf-8"?><testsuites name="pytest tests"><testsuite name="pytest" errors="0" failures="0" skipped="0" tests="15" time="40.592" timestamp="2026-02-21T00:57:51.221305+00:00" hostname="agent-env-c825399c-63ee-4995-b7aa-0890c76138cc"><testcase classname="backend.tests.test_categories_reorder.TestCategories" name="test_get_categories_returns_list" time="0.277" /><testcase classname="backend.tests.test_categories_reorder.TestCategories" name="test_create_category" time="0.073" /><testcase classname="backend.tests.test_categories_reorder.TestCategories" name="test_get_categories_includes_new_category" time="0.062" /><testcase classname="backend.tests.test_categories_reorder.TestCategories" name="test_update_category" time="0.065" /><testcase classname="backend.tests.test_categories_reorder.TestCategories" name="test_reorder_categories" time="0.188" /><testcase classname="backend.tests.test_categories_reorder.TestCategories" name="test_delete_category" time="0.124" /><testcase classname="backend.tests.test_categories_reorder.TestBonusSitesReorder" name="test_get_bonus_sites_sorted_by_sort_order" time="0.067" /><testcase classname="backend.tests.test_categories_reorder.TestBonusSitesReorder" name="test_reorder_bonus_sites" time="0.116" /><testcase classname="backend.tests.test_categories_reorder.TestBonusSitesReorder" name="test_bonus_sites_sort_order_updated" time="0.071" /><testcase classname="backend.tests.test_categories_reorder.TestDomainSiteData" name="test_get_site_data_for_guncelgiris" time="0.072" /><testcase classname="backend.tests.test_categories_reorder.TestDomainSiteData" name="test_site_not_found_returns_404" time="0.059" /><testcase classname="backend.tests.test_categories_reorder.TestDomainCreation" name="test_create_domain_triggers_auto_content" time="0.453" /><testcase classname="backend.tests.test_categories_reorder.TestDomainCreation" name="test_cleanup_test_domain" time="38.456" /><testcase classname="backend.tests.test_categories_reorder.TestAdminTabs" name="test_admin_auth_login" time="0.356" /><testcase classname="backend.tests.test_categories_reorder.TestAdminTabs" name="test_stats_dashboard" time="0.085" /></testsuite></testsuites>