<?xml version="1.0" encoding="utf-8"?><testsuites name="pytest tests"><testsuite name="pytest" errors="0" failures="0" skipped="0" tests="30" time="3.912" timestamp="2026-03-14T19:56:23.429965+00:00" hostname="agent-env-6340ecb7-1c32-4729-ae9e-0baf05a9afe6"><testcase classname="backend.tests.test_company_articles.TestCompanyArticlesListEndpoint" name="test_list_articles_returns_200" time="0.225" /><testcase classname="backend.tests.test_company_articles.TestCompanyArticlesListEndpoint" name="test_list_articles_site_info" time="0.117" /><testcase classname="backend.tests.test_company_articles.TestCompanyArticlesListEndpoint" name="test_list_articles_returns_articles" time="0.108" /><testcase classname="backend.tests.test_company_articles.TestCompanyArticlesListEndpoint" name="test_list_articles_sub_pages" time="0.108" /><testcase classname="backend.tests.test_company_articles.TestCompanyArticlesListEndpoint" name="test_list_articles_hub_links" time="0.116" /><testcase classname="backend.tests.test_company_articles.TestCompanyArticlesListEndpoint" name="test_list_articles_breadcrumb" time="0.134" /><testcase classname="backend.tests.test_company_articles.TestCompanyArticlesListEndpoint" name="test_list_articles_seo" time="0.151" /><testcase classname="backend.tests.test_company_articles.TestCompanyArticlesListEndpoint" name="test_list_articles_404_for_invalid_company" time="0.119" /><testcase classname="backend.tests.test_company_articles.TestCompanyArticleDetailEndpoint" name="test_get_article_returns_200" time="0.132" /><testcase classname="backend.tests.test_company_articles.TestCompanyArticleDetailEndpoint" name="test_get_article_full_data" time="0.122" /><testcase classname="backend.tests.test_company_articles.TestCompanyArticleDetailEndpoint" name="test_get_article_related_articles" time="0.128" /><testcase classname="backend.tests.test_company_articles.TestCompanyArticleDetailEndpoint" name="test_get_article_related_sub_pages_by_cluster" time="0.117" /><testcase classname="backend.tests.test_company_articles.TestCompanyArticleDetailEndpoint" name="test_get_article_related_hubs" time="0.129" /><testcase classname="backend.tests.test_company_articles.TestCompanyArticleDetailEndpoint" name="test_get_article_similar_company_links" time="0.170" /><testcase classname="backend.tests.test_company_articles.TestCompanyArticleDetailEndpoint" name="test_get_article_breadcrumb" time="0.116" /><testcase classname="backend.tests.test_company_articles.TestCompanyArticleDetailEndpoint" name="test_get_article_404_for_invalid_slug" time="0.105" /><testcase classname="backend.tests.test_company_articles.TestCompanyArticleDetailEndpoint" name="test_company_guide_type_article" time="0.110" /><testcase classname="backend.tests.test_company_articles.TestCreateCompanyArticle" name="test_create_article_returns_200" time="0.120" /><testcase classname="backend.tests.test_company_articles.TestCreateCompanyArticle" name="test_create_article_auto_generates_slug" time="0.128" /><testcase classname="backend.tests.test_company_articles.TestCreateCompanyArticle" name="test_create_article_requires_company_slug" time="0.106" /><testcase classname="backend.tests.test_company_articles.TestCreateCompanyArticle" name="test_create_article_requires_title" time="0.110" /><testcase classname="backend.tests.test_company_articles.TestCreateCompanyArticle" name="test_create_article_with_article_type" time="0.116" /><testcase classname="backend.tests.test_company_articles.TestCompanyArticlesSitemap" name="test_sitemap_returns_200_xml" time="0.159" /><testcase classname="backend.tests.test_company_articles.TestCompanyArticlesSitemap" name="test_sitemap_contains_article_urls" time="0.129" /><testcase classname="backend.tests.test_company_articles.TestCompanyArticlesSitemap" name="test_sitemap_contains_listing_page_urls" time="0.116" /><testcase classname="backend.tests.test_company_articles.TestCompanyArticlesSitemap" name="test_sitemap_valid_xml_structure" time="0.117" /><testcase classname="backend.tests.test_company_articles.TestMainSitemapIncludesArticles" name="test_main_sitemap_references_articles_sitemap" time="0.114" /><testcase classname="backend.tests.test_company_articles.TestExistingRoutes" name="test_homepage_api" time="0.147" /><testcase classname="backend.tests.test_company_articles.TestExistingRoutes" name="test_company_sub_page_api" time="0.114" /><testcase classname="backend.tests.test_company_articles.TestExistingRoutes" name="test_main_sitemap" time="0.127" /></testsuite></testsuites>