<?xml version="1.0" encoding="utf-8"?><testsuites name="pytest tests"><testsuite name="pytest" errors="0" failures="0" skipped="0" tests="19" time="4.839" timestamp="2026-02-27T01:20:49.904941+00:00" hostname="agent-env-d534aeb0-0437-4fe1-a8c0-5f712ef5fd38"><testcase classname="backend.tests.test_company_intelligence.TestCompanyIntelligenceModule" name="test_admin_discovery_endpoint_unauthorized" time="0.186" /><testcase classname="backend.tests.test_company_intelligence.TestCompanyIntelligenceModule" name="test_admin_discovery_endpoint_async" time="0.508" /><testcase classname="backend.tests.test_company_intelligence.TestCompanyIntelligenceModule" name="test_get_companies_list" time="0.178" /><testcase classname="backend.tests.test_company_intelligence.TestCompanyIntelligenceModule" name="test_get_featured_companies" time="0.128" /><testcase classname="backend.tests.test_company_intelligence.TestCompanyIntelligenceModule" name="test_get_company_by_slug" time="0.264" /><testcase classname="backend.tests.test_company_intelligence.TestCompanyIntelligenceModule" name="test_get_company_by_slug_not_found" time="0.119" /><testcase classname="backend.tests.test_company_intelligence.TestCompanyIntelligenceModule" name="test_admin_get_companies" time="0.203" /><testcase classname="backend.tests.test_company_intelligence.TestCompanyIntelligenceModule" name="test_admin_approve_company" time="0.248" /><testcase classname="backend.tests.test_company_intelligence.TestCompanyIntelligenceModule" name="test_admin_feature_company" time="0.398" /><testcase classname="backend.tests.test_company_intelligence.TestCompanyIntelligenceModule" name="test_admin_refresh_company" time="0.262" /><testcase classname="backend.tests.test_company_intelligence.TestCompanyIntelligenceModule" name="test_admin_delete_company_unauthorized" time="0.154" /><testcase classname="backend.tests.test_company_intelligence.TestCompanyIntelligenceModule" name="test_sitemap_index_contains_companies" time="0.111" /><testcase classname="backend.tests.test_company_intelligence.TestCompanyIntelligenceModule" name="test_sitemap_companies_returns_valid_xml" time="0.128" /><testcase classname="backend.tests.test_company_intelligence.TestCompanyIntelligenceModule" name="test_regression_firm_page_endpoint" time="0.238" /><testcase classname="backend.tests.test_company_intelligence.TestCompanyIntelligenceModule" name="test_regression_video_endpoint" time="0.251" /><testcase classname="backend.tests.test_company_intelligence.TestCompanyIntelligenceModule" name="test_regression_amp_endpoint" time="0.228" /><testcase classname="backend.tests.test_company_intelligence.TestCompanyDataStructure" name="test_company_profile_has_required_fields" time="0.259" /><testcase classname="backend.tests.test_company_intelligence.TestCompanyDataStructure" name="test_company_metrics_are_valid" time="0.297" /><testcase classname="backend.tests.test_company_intelligence.TestAdminRefreshMetrics" name="test_admin_refresh_all_metrics" time="0.600" /></testsuite></testsuites>