<?xml version="1.0" encoding="utf-8"?><testsuites name="pytest tests"><testsuite name="pytest" errors="0" failures="5" skipped="0" tests="18" time="317.296" timestamp="2026-02-21T16:44:50.709225+00:00" hostname="agent-env-0af3e4a6-d95d-4402-9b4c-e9eaac97c044"><testcase classname="backend.tests.test_content_scheduler.TestContentQueueBulkAdd" name="test_bulk_add_with_firma_konu_format" time="0.244" /><testcase classname="backend.tests.test_content_scheduler.TestContentQueueBulkAdd" name="test_bulk_add_plain_topics_with_default_company" time="0.109" /><testcase classname="backend.tests.test_content_scheduler.TestContentQueueBulkAdd" name="test_bulk_add_empty_items" time="0.103" /><testcase classname="backend.tests.test_content_scheduler.TestContentQueueBulkAdd" name="test_bulk_add_mixed_format" time="0.166" /><testcase classname="backend.tests.test_content_scheduler.TestContentQueue" name="test_get_queue_returns_items_and_stats" time="0.101" /><testcase classname="backend.tests.test_content_scheduler.TestContentQueue" name="test_get_queue_with_status_filter" time="0.100" /><testcase classname="backend.tests.test_content_scheduler.TestContentQueue" name="test_delete_queue_item" time="0.329" /><testcase classname="backend.tests.test_content_scheduler.TestSchedulerControls" name="test_get_scheduler_status" time="0.105" /><testcase classname="backend.tests.test_content_scheduler.TestSchedulerControls" name="test_start_scheduler" time="0.100" /><testcase classname="backend.tests.test_content_scheduler.TestSchedulerControls" name="test_stop_scheduler" time="60.098"><failure message="assert 520 == 200&#10; +  where 520 = &lt;Response [520]&gt;.status_code">backend/tests/test_content_scheduler.py:170: in test_stop_scheduler
    assert response.status_code == 200
E   assert 520 == 200
E    +  where 520 = &lt;Response [520]&gt;.status_code</failure></testcase><testcase classname="backend.tests.test_content_scheduler.TestSchedulerControls" name="test_update_scheduler_interval" time="60.224"><failure message="assert 520 == 200&#10; +  where 520 = &lt;Response [520]&gt;.status_code">backend/tests/test_content_scheduler.py:185: in test_update_scheduler_interval
    assert response.status_code == 200
E   assert 520 == 200
E    +  where 520 = &lt;Response [520]&gt;.status_code</failure></testcase><testcase classname="backend.tests.test_content_scheduler.TestSchedulerControls" name="test_update_scheduler_interval_minimum" time="1.520" /><testcase classname="backend.tests.test_content_scheduler.TestSchedulerControls" name="test_run_scheduler_now" time="0.115" /><testcase classname="backend.tests.test_content_scheduler.TestLatestArticles" name="test_get_latest_articles" time="60.113"><failure message="assert 520 == 200&#10; +  where 520 = &lt;Response [520]&gt;.status_code">backend/tests/test_content_scheduler.py:228: in test_get_latest_articles
    assert response.status_code == 200
E   assert 520 == 200
E    +  where 520 = &lt;Response [520]&gt;.status_code</failure></testcase><testcase classname="backend.tests.test_content_scheduler.TestLatestArticles" name="test_get_latest_articles_with_limit" time="60.253"><failure message="assert 520 == 200&#10; +  where 520 = &lt;Response [520]&gt;.status_code">backend/tests/test_content_scheduler.py:251: in test_get_latest_articles_with_limit
    assert response.status_code == 200
E   assert 520 == 200
E    +  where 520 = &lt;Response [520]&gt;.status_code</failure></testcase><testcase classname="backend.tests.test_content_scheduler.TestLatestArticles" name="test_get_latest_articles_filtered_by_category" time="60.301"><failure message="assert 520 == 200&#10; +  where 520 = &lt;Response [520]&gt;.status_code">backend/tests/test_content_scheduler.py:261: in test_get_latest_articles_filtered_by_category
    assert response.status_code == 200
E   assert 520 == 200
E    +  where 520 = &lt;Response [520]&gt;.status_code</failure></testcase><testcase classname="backend.tests.test_content_scheduler.TestEnIyiFirmalarCategory" name="test_en_iyi_firmalar_category_exists" time="0.768" /><testcase classname="backend.tests.test_content_scheduler.TestCleanup" name="test_cleanup_test_queue_items" time="12.432" /></testsuite></testsuites>