<?xml version="1.0" encoding="utf-8"?><testsuites name="pytest tests"><testsuite name="pytest" errors="0" failures="3" skipped="0" tests="43" time="16.206" timestamp="2026-03-14T20:36:41.791251+00:00" hostname="agent-env-6340ecb7-1c32-4729-ae9e-0baf05a9afe6"><testcase classname="backend.tests.test_gg2026_comprehensive.TestPhase1CompanySubPages" name="test_firma_sub_guncel_giris" time="0.262" /><testcase classname="backend.tests.test_gg2026_comprehensive.TestPhase1CompanySubPages" name="test_firma_sub_deneme_bonusu" time="0.178" /><testcase classname="backend.tests.test_gg2026_comprehensive.TestPhase1CompanySubPages" name="test_firma_sub_all_page_types_exist" time="1.279" /><testcase classname="backend.tests.test_gg2026_comprehensive.TestPhase1CompanySubPages" name="test_firma_sub_invalid_page_type_returns_404" time="0.118" /><testcase classname="backend.tests.test_gg2026_comprehensive.TestPhase1HubPages" name="test_bonus_hub_deneme_bonusu_veren_siteler" time="0.171" /><testcase classname="backend.tests.test_gg2026_comprehensive.TestPhase1HubPages" name="test_all_bonus_hubs" time="0.480" /><testcase classname="backend.tests.test_gg2026_comprehensive.TestPhase1HubPages" name="test_payment_hub_odeme_yontemleri" time="0.177" /><testcase classname="backend.tests.test_gg2026_comprehensive.TestPhase1HubPages" name="test_all_payment_hubs" time="1.003" /><testcase classname="backend.tests.test_gg2026_comprehensive.TestPhase1Sitemaps" name="test_sitemap_index" time="0.123" /><testcase classname="backend.tests.test_gg2026_comprehensive.TestPhase1Sitemaps" name="test_all_sitemaps" time="0.948" /><testcase classname="backend.tests.test_gg2026_comprehensive.TestPhase2Templates" name="test_company_guide_template_sections" time="0.109"><failure message="AssertionError: assert 'similar_firms_links' in {'breadcrumb': [{'name': 'Ana Sayfa', 'url': '/'}, {'name': 'TULIPBET', 'url': '/tulipbet'}, {'name': 'TULIPBET Guncel Giris', 'url': '/tulipbet/guncel-giris'}], 'cluster': 'company-guide', 'faq': [{'answer': 'TULIPBET guncel giris adresi, sitenin en son calisan erisim linkidir. DNS engellerinden dolayi adresler periyodik olarak degisebilir.', 'question': 'TULIPBET guncel giris adresi nedir?'}, {'answer': 'BTK kararlari nedeniyle bazi sitelerin domain adresleri engellenebilir. Site yonetimi yeni bir domain uzerinden hizmet vermeye devam eder.', 'question': 'TULIPBET giris adresi neden degisiyor?'}, {'answer': 'Bu sayfadaki guncel linki kullanarak erisim saglayabilirsiniz. Her zaman SSL sertifikali (https) baglanti kullandiginizdan emin olun.', 'question': 'TULIPBET sitesine nasil guvenli erisim saglarim?'}, {'answer': 'Resmi link disindaki adreslere girmekten kacinin. Kullanici adi ve sifrenizi sadece resmi sitede kullanin. 7/24 canli destek hatti ile iletisime geciniz.', 'question': 'TULIPBET giris yaparken nelere dikkat etmeliyim?'}], 'hub_links': [{'slug': 'deneme-bonusu-veren-siteler', 'title': 'Deneme Bonusu Veren Siteler', 'url': '/deneme-bonusu-veren-siteler'}, {'slug': 'guncel-deneme-bonusu', 'title': 'Guncel Deneme Bonusu', 'url': '/guncel-deneme-bonusu'}, {'slug': 'yatirimsiz-deneme-bonusu', 'title': 'Yatirimsiz Deneme Bonusu', 'url': '/yatirimsiz-deneme-bonusu'}, {'slug': 'hosgeldin-bonusu', 'title': 'Hosgeldin Bonusu Veren Siteler', 'url': '/hosgeldin-bonusu'}, {'slug': 'bonus-veren-siteler', 'title': 'Bonus Veren Siteler', 'url': '/bonus-veren-siteler'}, {'slug': 'odeme-yontemleri', 'title': 'Odeme Yontemleri', 'url': '/odeme-yontemleri'}, ...], ...}">backend/tests/test_gg2026_comprehensive.py:191: in test_company_guide_template_sections
    assert "similar_firms_links" in data  # similar companies
    ^^^^^^^^^^^^^^^^^^^^^^^^^^^^^^^^^^^^
E   AssertionError: assert 'similar_firms_links' in {'breadcrumb': [{'name': 'Ana Sayfa', 'url': '/'}, {'name': 'TULIPBET', 'url': '/tulipbet'}, {'name': 'TULIPBET Guncel Giris', 'url': '/tulipbet/guncel-giris'}], 'cluster': 'company-guide', 'faq': [{'answer': 'TULIPBET guncel giris adresi, sitenin en son calisan erisim linkidir. DNS engellerinden dolayi adresler periyodik olarak degisebilir.', 'question': 'TULIPBET guncel giris adresi nedir?'}, {'answer': 'BTK kararlari nedeniyle bazi sitelerin domain adresleri engellenebilir. Site yonetimi yeni bir domain uzerinden hizmet vermeye devam eder.', 'question': 'TULIPBET giris adresi neden degisiyor?'}, {'answer': 'Bu sayfadaki guncel linki kullanarak erisim saglayabilirsiniz. Her zaman SSL sertifikali (https) baglanti kullandiginizdan emin olun.', 'question': 'TULIPBET sitesine nasil guvenli erisim saglarim?'}, {'answer': 'Resmi link disindaki adreslere girmekten kacinin. Kullanici adi ve sifrenizi sadece resmi sitede kullanin. 7/24 canli destek hatti ile iletisime geciniz.', 'question': 'TULIPBET giris yaparken nelere dikkat etmeliyim?'}], 'hub_links': [{'slug': 'deneme-bonusu-veren-siteler', 'title': 'Deneme Bonusu Veren Siteler', 'url': '/deneme-bonusu-veren-siteler'}, {'slug': 'guncel-deneme-bonusu', 'title': 'Guncel Deneme Bonusu', 'url': '/guncel-deneme-bonusu'}, {'slug': 'yatirimsiz-deneme-bonusu', 'title': 'Yatirimsiz Deneme Bonusu', 'url': '/yatirimsiz-deneme-bonusu'}, {'slug': 'hosgeldin-bonusu', 'title': 'Hosgeldin Bonusu Veren Siteler', 'url': '/hosgeldin-bonusu'}, {'slug': 'bonus-veren-siteler', 'title': 'Bonus Veren Siteler', 'url': '/bonus-veren-siteler'}, {'slug': 'odeme-yontemleri', 'title': 'Odeme Yontemleri', 'url': '/odeme-yontemleri'}, ...], ...}</failure></testcase><testcase classname="backend.tests.test_gg2026_comprehensive.TestPhase2Templates" name="test_bonus_guide_template_sections" time="0.103" /><testcase classname="backend.tests.test_gg2026_comprehensive.TestPhase2Templates" name="test_json_ld_schemas_present" time="0.116" /><testcase classname="backend.tests.test_gg2026_comprehensive.TestPhase3Agents" name="test_agents_status" time="0.138" /><testcase classname="backend.tests.test_gg2026_comprehensive.TestPhase3Agents" name="test_agents_jobs_list" time="0.118" /><testcase classname="backend.tests.test_gg2026_comprehensive.TestPhase3Agents" name="test_non_llm_agent_linking_audit" time="0.135"><failure message="AssertionError: assert ('clusters' in {'action': 'audit_clusters', 'agent': 'internal_linking', 'data': {'coverage_by_type': {'bonus-sartlari': {'count': 0, 'pct': 0.0}, 'deneme-bonusu': {'count': 1, 'pct': 0.4}, 'guncel-adresi': {'count': 0, 'pct': 0.0}, 'guncel-giris': {'count': 1, 'pct': 0.4}, ...}, 'generated_content_count': 3, 'missing_pages_sample': [{'base_slug': 'maxwin', 'company': 'MAXWIN', 'page_type': 'guncel-giris'}, {'base_slug': 'maxwin', 'company': 'MAXWIN', 'page_type': 'guncel-adresi'}, {'base_slug': 'maxwin', 'company': 'MAXWIN', 'page_type': 'yeni-giris-adresi'}, {'base_slug': 'maxwin', 'company': 'MAXWIN', 'page_type': 'mobil-giris'}, {'base_slug': 'maxwin', 'company': 'MAXWIN', 'page_type': 'deneme-bonusu'}, {'base_slug': 'maxwin', 'company': 'MAXWIN', 'page_type': 'hosgeldin-bonusu'}, ...], 'orphan_risk_pages': [], ...}, 'error': None, ...} or 'status' in {'action': 'audit_clusters', 'agent': 'internal_linking', 'data': {'coverage_by_type': {'bonus-sartlari': {'count': 0, 'pct': 0.0}, 'deneme-bonusu': {'count': 1, 'pct': 0.4}, 'guncel-adresi': {'count': 0, 'pct': 0.0}, 'guncel-giris': {'count': 1, 'pct': 0.4}, ...}, 'generated_content_count': 3, 'missing_pages_sample': [{'base_slug': 'maxwin', 'company': 'MAXWIN', 'page_type': 'guncel-giris'}, {'base_slug': 'maxwin', 'company': 'MAXWIN', 'page_type': 'guncel-adresi'}, {'base_slug': 'maxwin', 'company': 'MAXWIN', 'page_type': 'yeni-giris-adresi'}, {'base_slug': 'maxwin', 'company': 'MAXWIN', 'page_type': 'mobil-giris'}, {'base_slug': 'maxwin', 'company': 'MAXWIN', 'page_type': 'deneme-bonusu'}, {'base_slug': 'maxwin', 'company': 'MAXWIN', 'page_type': 'hosgeldin-bonusu'}, ...], 'orphan_risk_pages': [], ...}, 'error': None, ...})">backend/tests/test_gg2026_comprehensive.py:251: in test_non_llm_agent_linking_audit
    assert "clusters" in data or "status" in data
E   AssertionError: assert ('clusters' in {'action': 'audit_clusters', 'agent': 'internal_linking', 'data': {'coverage_by_type': {'bonus-sartlari': {'count': 0, 'pct': 0.0}, 'deneme-bonusu': {'count': 1, 'pct': 0.4}, 'guncel-adresi': {'count': 0, 'pct': 0.0}, 'guncel-giris': {'count': 1, 'pct': 0.4}, ...}, 'generated_content_count': 3, 'missing_pages_sample': [{'base_slug': 'maxwin', 'company': 'MAXWIN', 'page_type': 'guncel-giris'}, {'base_slug': 'maxwin', 'company': 'MAXWIN', 'page_type': 'guncel-adresi'}, {'base_slug': 'maxwin', 'company': 'MAXWIN', 'page_type': 'yeni-giris-adresi'}, {'base_slug': 'maxwin', 'company': 'MAXWIN', 'page_type': 'mobil-giris'}, {'base_slug': 'maxwin', 'company': 'MAXWIN', 'page_type': 'deneme-bonusu'}, {'base_slug': 'maxwin', 'company': 'MAXWIN', 'page_type': 'hosgeldin-bonusu'}, ...], 'orphan_risk_pages': [], ...}, 'error': None, ...} or 'status' in {'action': 'audit_clusters', 'agent': 'internal_linking', 'data': {'coverage_by_type': {'bonus-sartlari': {'count': 0, 'pct': 0.0}, 'deneme-bonusu': {'count': 1, 'pct': 0.4}, 'guncel-adresi': {'count': 0, 'pct': 0.0}, 'guncel-giris': {'count': 1, 'pct': 0.4}, ...}, 'generated_content_count': 3, 'missing_pages_sample': [{'base_slug': 'maxwin', 'company': 'MAXWIN', 'page_type': 'guncel-giris'}, {'base_slug': 'maxwin', 'company': 'MAXWIN', 'page_type': 'guncel-adresi'}, {'base_slug': 'maxwin', 'company': 'MAXWIN', 'page_type': 'yeni-giris-adresi'}, {'base_slug': 'maxwin', 'company': 'MAXWIN', 'page_type': 'mobil-giris'}, {'base_slug': 'maxwin', 'company': 'MAXWIN', 'page_type': 'deneme-bonusu'}, {'base_slug': 'maxwin', 'company': 'MAXWIN', 'page_type': 'hosgeldin-bonusu'}, ...], 'orphan_risk_pages': [], ...}, 'error': None, ...})</failure></testcase><testcase classname="backend.tests.test_gg2026_comprehensive.TestPhase3Agents" name="test_non_llm_agent_linking_orphans" time="1.955" /><testcase classname="backend.tests.test_gg2026_comprehensive.TestPhase3Agents" name="test_non_llm_agent_seo_canonicals" time="0.119" /><testcase classname="backend.tests.test_gg2026_comprehensive.TestPhase3Agents" name="test_non_llm_agent_seo_sitemap_audit" time="0.113" /><testcase classname="backend.tests.test_gg2026_comprehensive.TestPhase3Agents" name="test_non_llm_agent_update_scan" time="0.103" /><testcase classname="backend.tests.test_gg2026_comprehensive.TestPhase3Agents" name="test_non_llm_agent_update_timestamps" time="0.116" /><testcase classname="backend.tests.test_gg2026_comprehensive.TestPhase4SERP" name="test_serp_status" time="0.102" /><testcase classname="backend.tests.test_gg2026_comprehensive.TestPhase4SERP" name="test_serp_validate_with_ai_fallback" time="1.648" /><testcase classname="backend.tests.test_gg2026_comprehensive.TestPhase4SERP" name="test_serp_difficulty_with_ai_fallback" time="1.524" /><testcase classname="backend.tests.test_gg2026_comprehensive.TestPhase5CompanyArticles" name="test_company_articles_list" time="0.127" /><testcase classname="backend.tests.test_gg2026_comprehensive.TestPhase5CompanyArticles" name="test_company_article_detail" time="0.263" /><testcase classname="backend.tests.test_gg2026_comprehensive.TestPhase6Programmatic" name="test_programmatic_stats" time="0.126"><failure message="AssertionError: assert 'indexable' in {'available_types': ['company_x_bonus', 'company_x_payment', 'company_x_year', 'intent_x_category', 'license_x_category', 'country_x_category', ...], 'by_combination_type': {'company_x_bonus': 0, 'company_x_payment': 0, 'company_x_year': 0, 'country_x_category': 3, ...}, 'capacity': '50,000+', 'indexable_pages': 14, ...}">backend/tests/test_gg2026_comprehensive.py:375: in test_programmatic_stats
    assert "indexable" in data
E   AssertionError: assert 'indexable' in {'available_types': ['company_x_bonus', 'company_x_payment', 'company_x_year', 'intent_x_category', 'license_x_category', 'country_x_category', ...], 'by_combination_type': {'company_x_bonus': 0, 'company_x_payment': 0, 'company_x_year': 0, 'country_x_category': 3, ...}, 'capacity': '50,000+', 'indexable_pages': 14, ...}</failure></testcase><testcase classname="backend.tests.test_gg2026_comprehensive.TestPhase6Programmatic" name="test_programmatic_pages_list" time="0.142" /><testcase classname="backend.tests.test_gg2026_comprehensive.TestPhase6Programmatic" name="test_programmatic_page_detail" time="0.232" /><testcase classname="backend.tests.test_gg2026_comprehensive.TestPhase6Programmatic" name="test_programmatic_generate_dry_run" time="0.153" /><testcase classname="backend.tests.test_gg2026_comprehensive.TestPhase7Publishing" name="test_publish_status" time="0.121" /><testcase classname="backend.tests.test_gg2026_comprehensive.TestPhase7Publishing" name="test_publish_queue" time="0.106" /><testcase classname="backend.tests.test_gg2026_comprehensive.TestPhase7Publishing" name="test_publish_schedule_map" time="0.099" /><testcase classname="backend.tests.test_gg2026_comprehensive.TestPhase8Admin" name="test_admin_seo_dashboard_requires_auth" time="0.112" /><testcase classname="backend.tests.test_gg2026_comprehensive.TestPhase8Admin" name="test_admin_seo_dashboard" time="0.486" /><testcase classname="backend.tests.test_gg2026_comprehensive.TestPhase8Admin" name="test_admin_seo_settings" time="0.119" /><testcase classname="backend.tests.test_gg2026_comprehensive.TestPhase8Admin" name="test_admin_endpoints_protected" time="1.123" /><testcase classname="backend.tests.test_gg2026_comprehensive.TestExistingRoutes" name="test_homepage_bonus_sites" time="0.124" /><testcase classname="backend.tests.test_gg2026_comprehensive.TestExistingRoutes" name="test_firma_detail" time="0.115" /><testcase classname="backend.tests.test_gg2026_comprehensive.TestExistingRoutes" name="test_categories" time="0.116" /><testcase classname="backend.tests.test_gg2026_comprehensive.TestExistingRoutes" name="test_health" time="0.112" /><testcase classname="backend.tests.test_gg2026_comprehensive.TestCrossCutting" name="test_no_500_errors_on_main_endpoints" time="1.074" /><testcase classname="backend.tests.test_gg2026_comprehensive.TestCrossCutting" name="test_mongodb_id_excluded" time="0.172" /></testsuite></testsuites>