<?xml version="1.0" encoding="utf-8"?><testsuites name="pytest tests"><testsuite name="pytest" errors="0" failures="0" skipped="0" tests="23" time="3.318" timestamp="2026-03-10T01:46:22.891650+00:00" hostname="agent-env-3d84a61b-1ef9-40f8-8178-aff0bf0014d2"><testcase classname="backend.tests.test_gg2026_phase2_templates.TestCompanyGuideTemplate" name="test_company_guide_returns_all_sections[guncel-giris]" time="0.288" /><testcase classname="backend.tests.test_gg2026_phase2_templates.TestCompanyGuideTemplate" name="test_company_guide_returns_all_sections[yeni-giris-adresi]" time="0.144" /><testcase classname="backend.tests.test_gg2026_phase2_templates.TestCompanyGuideTemplate" name="test_company_guide_returns_all_sections[mobil-giris]" time="0.139" /><testcase classname="backend.tests.test_gg2026_phase2_templates.TestCompanyGuideTemplate" name="test_company_guide_has_faq" time="0.131" /><testcase classname="backend.tests.test_gg2026_phase2_templates.TestCompanyGuideTemplate" name="test_company_guide_has_hub_links" time="0.216" /><testcase classname="backend.tests.test_gg2026_phase2_templates.TestCompanyGuideTemplate" name="test_company_guide_has_cross_cluster_links" time="0.124" /><testcase classname="backend.tests.test_gg2026_phase2_templates.TestCompanyGuideTemplate" name="test_company_guide_has_last_updated" time="0.122" /><testcase classname="backend.tests.test_gg2026_phase2_templates.TestBonusGuideTemplate" name="test_bonus_guide_returns_all_sections[deneme-bonusu]" time="0.113" /><testcase classname="backend.tests.test_gg2026_phase2_templates.TestBonusGuideTemplate" name="test_bonus_guide_returns_all_sections[hosgeldin-bonusu]" time="0.118" /><testcase classname="backend.tests.test_gg2026_phase2_templates.TestBonusGuideTemplate" name="test_bonus_guide_returns_all_sections[bonus-sartlari]" time="0.122" /><testcase classname="backend.tests.test_gg2026_phase2_templates.TestBonusGuideTemplate" name="test_bonus_guide_returns_all_sections[yatirimsiz-deneme-bonusu]" time="0.108" /><testcase classname="backend.tests.test_gg2026_phase2_templates.TestBonusGuideTemplate" name="test_bonus_guide_has_faq" time="0.117" /><testcase classname="backend.tests.test_gg2026_phase2_templates.TestBonusGuideTemplate" name="test_bonus_guide_has_cross_cluster_links" time="0.126" /><testcase classname="backend.tests.test_gg2026_phase2_templates.TestBonusHubInternalLinking" name="test_bonus_hub_has_4_company_links_per_site" time="0.139" /><testcase classname="backend.tests.test_gg2026_phase2_templates.TestBonusHubInternalLinking" name="test_bonus_hub_company_links_format" time="0.125" /><testcase classname="backend.tests.test_gg2026_phase2_templates.TestPaymentHubInternalLinking" name="test_payment_hub_has_3_company_links_per_site" time="0.121" /><testcase classname="backend.tests.test_gg2026_phase2_templates.TestPaymentHubInternalLinking" name="test_payment_hub_company_links_format" time="0.130" /><testcase classname="backend.tests.test_gg2026_phase2_templates.TestFAQContent" name="test_guncel_giris_has_specific_faq" time="0.106" /><testcase classname="backend.tests.test_gg2026_phase2_templates.TestFAQContent" name="test_deneme_bonusu_has_specific_faq" time="0.108" /><testcase classname="backend.tests.test_gg2026_phase2_templates.TestFAQContent" name="test_odeme_yontemleri_has_specific_faq" time="0.121" /><testcase classname="backend.tests.test_gg2026_phase2_templates.TestSchemaSupport" name="test_company_page_has_breadcrumb_data" time="0.149" /><testcase classname="backend.tests.test_gg2026_phase2_templates.TestSchemaSupport" name="test_company_page_has_faq_data" time="0.114" /><testcase classname="backend.tests.test_gg2026_phase2_templates.TestSchemaSupport" name="test_company_page_has_article_data" time="0.125" /></testsuite></testsuites>