<?xml version="1.0" encoding="utf-8"?><testsuites name="pytest tests"><testsuite name="pytest" errors="0" failures="0" skipped="0" tests="16" time="3.590" timestamp="2026-03-14T19:31:06.792634+00:00" hostname="agent-env-6340ecb7-1c32-4729-ae9e-0baf05a9afe6"><testcase classname="backend.tests.test_gg2026_phase2.TestPhase2CompanyGuideTemplate" name="test_guncel_giris_returns_template_data" time="0.163" /><testcase classname="backend.tests.test_gg2026_phase2.TestPhase2CompanyGuideTemplate" name="test_mobil_giris_company_guide_cluster" time="0.144" /><testcase classname="backend.tests.test_gg2026_phase2.TestPhase2CompanyGuideTemplate" name="test_company_guide_page_types" time="0.715" /><testcase classname="backend.tests.test_gg2026_phase2.TestPhase2BonusGuideTemplate" name="test_deneme_bonusu_returns_bonus_guide_template" time="0.149" /><testcase classname="backend.tests.test_gg2026_phase2.TestPhase2BonusGuideTemplate" name="test_bonus_guide_page_types" time="0.622" /><testcase classname="backend.tests.test_gg2026_phase2.TestPhase2FAQSection" name="test_faq_has_questions_and_answers" time="0.123" /><testcase classname="backend.tests.test_gg2026_phase2.TestPhase2FAQSection" name="test_faq_varies_by_page_type" time="0.276" /><testcase classname="backend.tests.test_gg2026_phase2.TestPhase2InternalLinkingEngine" name="test_bonus_hub_has_company_links" time="0.115" /><testcase classname="backend.tests.test_gg2026_phase2.TestPhase2InternalLinkingEngine" name="test_payment_hub_has_company_links" time="0.126" /><testcase classname="backend.tests.test_gg2026_phase2.TestPhase2InternalLinkingEngine" name="test_related_companies_sidebar" time="0.148" /><testcase classname="backend.tests.test_gg2026_phase2.TestPhase2SchemaSupport" name="test_breadcrumb_data_for_schema" time="0.132" /><testcase classname="backend.tests.test_gg2026_phase2.TestPhase2SchemaSupport" name="test_faq_data_for_schema" time="0.193" /><testcase classname="backend.tests.test_gg2026_phase2.TestPhase2SchemaSupport" name="test_seo_data_for_article_schema" time="0.141" /><testcase classname="backend.tests.test_gg2026_phase2.TestPhase2ExistingRoutes" name="test_homepage_works" time="0.128" /><testcase classname="backend.tests.test_gg2026_phase2.TestPhase2ExistingRoutes" name="test_firm_page_api" time="0.124" /><testcase classname="backend.tests.test_gg2026_phase2.TestPhase2ExistingRoutes" name="test_video_page_api" time="0.104" /></testsuite></testsuites>