<?xml version="1.0" encoding="utf-8"?><testsuites name="pytest tests"><testsuite name="pytest" errors="0" failures="0" skipped="0" tests="14" time="2.698" timestamp="2026-02-26T02:06:45.609338+00:00" hostname="agent-env-3bab31f1-4a1e-47a8-9687-d25838ee1dda"><testcase classname="backend.tests.test_iteration10_apis.TestHealthEndpoints" name="test_api_root" time="0.174" /><testcase classname="backend.tests.test_iteration10_apis.TestHealthEndpoints" name="test_api_status" time="0.174" /><testcase classname="backend.tests.test_iteration10_apis.TestArticlesAPI" name="test_articles_list" time="0.131" /><testcase classname="backend.tests.test_iteration10_apis.TestArticlesAPI" name="test_latest_articles" time="0.138" /><testcase classname="backend.tests.test_iteration10_apis.TestArticlesAPI" name="test_article_by_slug" time="0.284" /><testcase classname="backend.tests.test_iteration10_apis.TestBonusSitesAPI" name="test_bonus_sites_list" time="0.139" /><testcase classname="backend.tests.test_iteration10_apis.TestBonusSitesAPI" name="test_firma_detail_maxwin" time="0.191" /><testcase classname="backend.tests.test_iteration10_apis.TestBonusSitesAPI" name="test_firma_detail_not_found" time="0.133" /><testcase classname="backend.tests.test_iteration10_apis.TestCategoriesAPI" name="test_categories_list" time="0.121" /><testcase classname="backend.tests.test_iteration10_apis.TestSchedulerAPI" name="test_scheduler_status" time="0.143" /><testcase classname="backend.tests.test_iteration10_apis.TestAdminAuth" name="test_admin_login_success" time="0.362" /><testcase classname="backend.tests.test_iteration10_apis.TestAdminAuth" name="test_admin_login_invalid" time="0.406" /><testcase classname="backend.tests.test_iteration10_apis.TestDomainAPI" name="test_domains_list" time="0.126" /><testcase classname="backend.tests.test_iteration10_apis.TestContentQueueAPI" name="test_content_queue_list" time="0.114" /></testsuite></testsuites>