<?xml version="1.0" encoding="utf-8"?><testsuites name="pytest tests"><testsuite name="pytest" errors="0" failures="1" skipped="0" tests="14" time="2.660" timestamp="2026-02-26T02:06:33.282571+00:00" hostname="agent-env-3bab31f1-4a1e-47a8-9687-d25838ee1dda"><testcase classname="backend.tests.test_iteration10_apis.TestHealthEndpoints" name="test_api_root" time="0.166" /><testcase classname="backend.tests.test_iteration10_apis.TestHealthEndpoints" name="test_api_status" time="0.169"><failure message="AssertionError: assert 'api_healthy' in {'ai_insight_enabled': True, 'cache_age_seconds': 1772071594, 'cache_ttl_seconds': 120, 'cached_match_count': 0, ...}">backend/tests/test_iteration10_apis.py:28: in test_api_status
    assert "api_healthy" in data
E   AssertionError: assert 'api_healthy' in {'ai_insight_enabled': True, 'cache_age_seconds': 1772071594, 'cache_ttl_seconds': 120, 'cached_match_count': 0, ...}</failure></testcase><testcase classname="backend.tests.test_iteration10_apis.TestArticlesAPI" name="test_articles_list" time="0.149" /><testcase classname="backend.tests.test_iteration10_apis.TestArticlesAPI" name="test_latest_articles" time="0.159" /><testcase classname="backend.tests.test_iteration10_apis.TestArticlesAPI" name="test_article_by_slug" time="0.263" /><testcase classname="backend.tests.test_iteration10_apis.TestBonusSitesAPI" name="test_bonus_sites_list" time="0.118" /><testcase classname="backend.tests.test_iteration10_apis.TestBonusSitesAPI" name="test_firma_detail_maxwin" time="0.135" /><testcase classname="backend.tests.test_iteration10_apis.TestBonusSitesAPI" name="test_firma_detail_not_found" time="0.123" /><testcase classname="backend.tests.test_iteration10_apis.TestCategoriesAPI" name="test_categories_list" time="0.130" /><testcase classname="backend.tests.test_iteration10_apis.TestSchedulerAPI" name="test_scheduler_status" time="0.159" /><testcase classname="backend.tests.test_iteration10_apis.TestAdminAuth" name="test_admin_login_success" time="0.386" /><testcase classname="backend.tests.test_iteration10_apis.TestAdminAuth" name="test_admin_login_invalid" time="0.367" /><testcase classname="backend.tests.test_iteration10_apis.TestDomainAPI" name="test_domains_list" time="0.114" /><testcase classname="backend.tests.test_iteration10_apis.TestContentQueueAPI" name="test_content_queue_list" time="0.136" /></testsuite></testsuites>