<?xml version="1.0" encoding="utf-8"?><testsuites name="pytest tests"><testsuite name="pytest" errors="0" failures="0" skipped="0" tests="36" time="33.104" timestamp="2026-02-20T19:39:35.508817+00:00" hostname="agent-env-bb9206f7-bcb4-48e7-b9a5-2ec8d060ed72"><testcase classname="backend.tests.test_match_hub.TestAdminAuth" name="test_admin_login_success" time="0.535" /><testcase classname="backend.tests.test_match_hub.TestAdminAuth" name="test_admin_login_wrong_password" time="0.417" /><testcase classname="backend.tests.test_match_hub.TestAdminAuth" name="test_admin_login_wrong_username" time="0.161" /><testcase classname="backend.tests.test_match_hub.TestAdminAuth" name="test_auth_verify_valid_token" time="0.517" /><testcase classname="backend.tests.test_match_hub.TestSportsScores" name="test_scores_returns_200" time="1.082" /><testcase classname="backend.tests.test_match_hub.TestSportsScores" name="test_scores_response_structure" time="0.158" /><testcase classname="backend.tests.test_match_hub.TestSportsScores" name="test_scores_count_matches_list_length" time="0.129" /><testcase classname="backend.tests.test_match_hub.TestSportsScores" name="test_scores_match_fields" time="0.119" /><testcase classname="backend.tests.test_match_hub.TestSportsScores" name="test_scores_from_cache_is_bool" time="0.141" /><testcase classname="backend.tests.test_match_hub.TestSportsScores" name="test_scores_second_call_is_cached" time="0.270" /><testcase classname="backend.tests.test_match_hub.TestFeaturedMatch" name="test_featured_returns_200_or_null" time="2.667" /><testcase classname="backend.tests.test_match_hub.TestFeaturedMatch" name="test_featured_has_match_fields" time="1.946" /><testcase classname="backend.tests.test_match_hub.TestFeaturedMatch" name="test_featured_has_ai_insight_field" time="1.817" /><testcase classname="backend.tests.test_match_hub.TestFeaturedMatch" name="test_featured_slug_present" time="1.710" /><testcase classname="backend.tests.test_match_hub.TestMatchDetail" name="test_match_by_id_200" time="3.666" /><testcase classname="backend.tests.test_match_hub.TestMatchDetail" name="test_match_by_id_has_ai_analysis" time="3.487" /><testcase classname="backend.tests.test_match_hub.TestMatchDetail" name="test_match_by_id_has_recommended_partner" time="4.072" /><testcase classname="backend.tests.test_match_hub.TestMatchDetail" name="test_match_by_id_404_for_invalid" time="0.153" /><testcase classname="backend.tests.test_match_hub.TestMatchDetail" name="test_match_by_slug_200" time="3.867" /><testcase classname="backend.tests.test_match_hub.TestMatchDetail" name="test_match_by_slug_404_for_invalid" time="0.206" /><testcase classname="backend.tests.test_match_hub.TestAdminApiStatus" name="test_api_status_returns_200" time="0.137" /><testcase classname="backend.tests.test_match_hub.TestAdminApiStatus" name="test_api_status_structure" time="0.129" /><testcase classname="backend.tests.test_match_hub.TestAdminApiStatus" name="test_api_status_odds_api_configured" time="0.144" /><testcase classname="backend.tests.test_match_hub.TestAdminApiStatus" name="test_api_status_cache_ttl" time="0.126" /><testcase classname="backend.tests.test_match_hub.TestAdminAiToggle" name="test_ai_toggle_disable" time="0.154" /><testcase classname="backend.tests.test_match_hub.TestAdminAiToggle" name="test_ai_toggle_enable" time="0.115" /><testcase classname="backend.tests.test_match_hub.TestAdminAiToggle" name="test_ai_toggle_reflected_in_status" time="0.603" /><testcase classname="backend.tests.test_match_hub.TestAdminRefreshScores" name="test_refresh_scores_returns_200" time="0.609" /><testcase classname="backend.tests.test_match_hub.TestAdminRefreshScores" name="test_refresh_scores_response_structure" time="0.671" /><testcase classname="backend.tests.test_match_hub.TestAdminRefreshScores" name="test_refresh_scores_invalidates_cache" time="1.763" /><testcase classname="backend.tests.test_match_hub.TestFeaturedMatchOverride" name="test_set_featured_match" time="0.238" /><testcase classname="backend.tests.test_match_hub.TestFeaturedMatchOverride" name="test_set_featured_reflected_in_status" time="0.346" /><testcase classname="backend.tests.test_match_hub.TestFeaturedMatchOverride" name="test_clear_featured_match" time="0.108" /><testcase classname="backend.tests.test_match_hub.TestPartnerTrackingRedirect" name="test_redirect_with_valid_partner" time="0.380" /><testcase classname="backend.tests.test_match_hub.TestPartnerTrackingRedirect" name="test_redirect_with_invalid_partner" time="0.141" /><testcase classname="backend.tests.test_match_hub.TestPartnerTrackingRedirect" name="test_redirect_logs_click" time="0.119" /></testsuite></testsuites>