<?xml version="1.0" encoding="utf-8"?><testsuites name="pytest tests"><testsuite name="pytest" errors="0" failures="0" skipped="0" tests="24" time="3.633" timestamp="2026-03-14T20:05:09.554293+00:00" hostname="agent-env-6340ecb7-1c32-4729-ae9e-0baf05a9afe6"><testcase classname="backend.tests.test_programmatic_seo.TestProgrammaticStats" name="test_stats_endpoint_returns_200" time="0.416" /><testcase classname="backend.tests.test_programmatic_seo.TestProgrammaticStats" name="test_stats_contains_required_fields" time="0.119" /><testcase classname="backend.tests.test_programmatic_seo.TestProgrammaticStats" name="test_stats_available_types" time="0.133" /><testcase classname="backend.tests.test_programmatic_seo.TestProgrammaticGenerate" name="test_generate_dry_run_preview" time="0.134" /><testcase classname="backend.tests.test_programmatic_seo.TestProgrammaticGenerate" name="test_generate_requires_combination_type" time="0.111" /><testcase classname="backend.tests.test_programmatic_seo.TestProgrammaticGenerate" name="test_generate_invalid_type_returns_error" time="0.122" /><testcase classname="backend.tests.test_programmatic_seo.TestProgrammaticRegister" name="test_register_requires_fields" time="0.126" /><testcase classname="backend.tests.test_programmatic_seo.TestProgrammaticRegister" name="test_register_validates_combination_type" time="0.139" /><testcase classname="backend.tests.test_programmatic_seo.TestProgrammaticPages" name="test_list_pages_returns_200" time="0.113" /><testcase classname="backend.tests.test_programmatic_seo.TestProgrammaticPages" name="test_list_pages_filter_by_type" time="0.114" /><testcase classname="backend.tests.test_programmatic_seo.TestProgrammaticPages" name="test_list_pages_pagination" time="0.110" /><testcase classname="backend.tests.test_programmatic_seo.TestProgrammaticPage" name="test_get_page_not_found" time="0.127" /><testcase classname="backend.tests.test_programmatic_seo.TestProgrammaticPage" name="test_get_intent_page" time="0.109" /><testcase classname="backend.tests.test_programmatic_seo.TestProgrammaticPage" name="test_get_guide_page" time="0.123" /><testcase classname="backend.tests.test_programmatic_seo.TestDuplicatePrevention" name="test_regenerate_same_type_no_duplicates" time="0.308" /><testcase classname="backend.tests.test_programmatic_seo.TestCanonicalRules" name="test_reserved_slug_blocked" time="0.142" /><testcase classname="backend.tests.test_programmatic_seo.TestIndexingEligibility" name="test_short_title_not_indexable" time="0.109" /><testcase classname="backend.tests.test_programmatic_seo.TestSitemapProgrammatic" name="test_sitemap_returns_valid_xml" time="0.113" /><testcase classname="backend.tests.test_programmatic_seo.TestSitemapProgrammatic" name="test_sitemap_contains_indexable_pages" time="0.239" /><testcase classname="backend.tests.test_programmatic_seo.TestMainSitemapIncludesProgrammatic" name="test_main_sitemap_has_programmatic_entry" time="0.121" /><testcase classname="backend.tests.test_programmatic_seo.TestExistingProgrammaticPages" name="test_intent_pages_exist" time="0.112" /><testcase classname="backend.tests.test_programmatic_seo.TestExistingProgrammaticPages" name="test_license_pages_exist" time="0.119" /><testcase classname="backend.tests.test_programmatic_seo.TestExistingProgrammaticPages" name="test_country_pages_exist" time="0.109" /><testcase classname="backend.tests.test_programmatic_seo.TestExistingProgrammaticPages" name="test_guide_pages_exist" time="0.123" /></testsuite></testsuites>