<?xml version="1.0" encoding="utf-8"?><testsuites name="pytest tests"><testsuite name="pytest" errors="0" failures="0" skipped="0" tests="33" time="5.269" timestamp="2026-03-14T20:12:30.662441+00:00" hostname="agent-env-6340ecb7-1c32-4729-ae9e-0baf05a9afe6"><testcase classname="backend.tests.test_publish_scheduler.TestPublishStatus" name="test_status_returns_200" time="0.257" /><testcase classname="backend.tests.test_publish_scheduler.TestPublishStatus" name="test_status_contains_queue_stats" time="0.121" /><testcase classname="backend.tests.test_publish_scheduler.TestPublishStatus" name="test_status_contains_today_schedule" time="0.169" /><testcase classname="backend.tests.test_publish_scheduler.TestPublishStatus" name="test_status_contains_daemon_info" time="0.155" /><testcase classname="backend.tests.test_publish_scheduler.TestPublishStatus" name="test_status_contains_7day_forecast" time="0.108" /><testcase classname="backend.tests.test_publish_scheduler.TestPublishStatus" name="test_status_contains_rate_limits" time="0.118" /><testcase classname="backend.tests.test_publish_scheduler.TestPublishEnqueue" name="test_enqueue_single_item" time="0.115" /><testcase classname="backend.tests.test_publish_scheduler.TestPublishEnqueue" name="test_enqueue_multiple_items" time="0.118" /><testcase classname="backend.tests.test_publish_scheduler.TestPublishEnqueue" name="test_enqueue_empty_items_fails" time="0.107" /><testcase classname="backend.tests.test_publish_scheduler.TestPublishEnqueue" name="test_enqueue_dedup_pending" time="0.167" /><testcase classname="backend.tests.test_publish_scheduler.TestPublishEnqueue" name="test_enqueue_with_all_content_types" time="0.463" /><testcase classname="backend.tests.test_publish_scheduler.TestPublishSchedule" name="test_schedule_returns_200" time="0.113" /><testcase classname="backend.tests.test_publish_scheduler.TestPublishSchedule" name="test_schedule_pending_items" time="0.221" /><testcase classname="backend.tests.test_publish_scheduler.TestPublishSchedule" name="test_schedule_with_custom_limits" time="0.145" /><testcase classname="backend.tests.test_publish_scheduler.TestPublishRun" name="test_run_returns_200" time="0.116" /><testcase classname="backend.tests.test_publish_scheduler.TestPublishManual" name="test_manual_publish_requires_queue_ids" time="0.110" /><testcase classname="backend.tests.test_publish_scheduler.TestPublishManual" name="test_manual_publish_item" time="0.241" /><testcase classname="backend.tests.test_publish_scheduler.TestPublishQueueList" name="test_queue_list_returns_200" time="0.115" /><testcase classname="backend.tests.test_publish_scheduler.TestPublishQueueList" name="test_queue_list_with_status_filter" time="0.280" /><testcase classname="backend.tests.test_publish_scheduler.TestPublishQueueList" name="test_queue_list_pagination" time="0.104" /><testcase classname="backend.tests.test_publish_scheduler.TestPublishRemove" name="test_remove_pending_item" time="0.231" /><testcase classname="backend.tests.test_publish_scheduler.TestPublishRescheduleFailed" name="test_reschedule_failed_returns_200" time="0.123" /><testcase classname="backend.tests.test_publish_scheduler.TestPublishScheduleMap" name="test_schedule_map_returns_200" time="0.115" /><testcase classname="backend.tests.test_publish_scheduler.TestPublishScheduleMap" name="test_schedule_map_contains_all_days" time="0.118" /><testcase classname="backend.tests.test_publish_scheduler.TestPublishScheduleMap" name="test_schedule_map_day_structure" time="0.107" /><testcase classname="backend.tests.test_publish_scheduler.TestPublishScheduleMap" name="test_schedule_map_correct_day_mapping" time="0.099" /><testcase classname="backend.tests.test_publish_scheduler.TestDaySchedulingLogic" name="test_article_scheduled_for_saturday" time="0.247" /><testcase classname="backend.tests.test_publish_scheduler.TestRateLimiting" name="test_max_15_per_day_enforced" time="0.114" /><testcase classname="backend.tests.test_publish_scheduler.TestExistingRoutesUnbroken" name="test_bonus_sites_endpoint" time="0.127" /><testcase classname="backend.tests.test_publish_scheduler.TestExistingRoutesUnbroken" name="test_programmatic_stats_endpoint" time="0.116" /><testcase classname="backend.tests.test_publish_scheduler.TestExistingRoutesUnbroken" name="test_health_endpoint" time="0.107" /><testcase classname="backend.tests.test_publish_scheduler.TestDaemonStatus" name="test_daemon_is_running" time="0.115" /><testcase classname="backend.tests.test_publish_scheduler.TestCleanup" name="test_cleanup_test_items" time="0.183" /></testsuite></testsuites>