<?xml version="1.0" encoding="utf-8"?><testsuites name="pytest tests"><testsuite name="pytest" errors="0" failures="0" skipped="0" tests="20" time="114.491" timestamp="2026-02-20T22:14:46.983584+00:00" hostname="agent-env-c825399c-63ee-4995-b7aa-0890c76138cc"><testcase classname="tests.test_seo_assistant.TestSEODashboard" name="test_seo_dashboard_returns_200" time="0.213" /><testcase classname="tests.test_seo_assistant.TestSEODashboard" name="test_seo_dashboard_with_domain_id" time="0.196" /><testcase classname="tests.test_seo_assistant.TestKeywordResearch" name="test_keyword_research_basic" time="13.719" /><testcase classname="tests.test_seo_assistant.TestKeywordResearch" name="test_keyword_research_single_keyword" time="9.595" /><testcase classname="tests.test_seo_assistant.TestSiteAudit" name="test_site_audit_returns_structured_data" time="23.403" /><testcase classname="tests.test_seo_assistant.TestCompetitorAnalysis" name="test_competitor_analysis" time="18.906" /><testcase classname="tests.test_seo_assistant.TestMetaGenerator" name="test_meta_generator_returns_options" time="5.270" /><testcase classname="tests.test_seo_assistant.TestContentOptimizer" name="test_content_optimizer_with_content" time="19.023" /><testcase classname="tests.test_seo_assistant.TestContentOptimizer" name="test_content_optimizer_requires_content" time="0.295" /><testcase classname="tests.test_seo_assistant.TestContentScore" name="test_content_score" time="9.694" /><testcase classname="tests.test_seo_assistant.TestInternalLinks" name="test_internal_links_suggestions" time="10.074" /><testcase classname="tests.test_seo_assistant.TestSEOReports" name="test_get_reports_list" time="0.160" /><testcase classname="tests.test_seo_assistant.TestSEOReports" name="test_get_reports_with_filter" time="2.308" /><testcase classname="tests.test_seo_assistant.TestSEOReports" name="test_delete_report_nonexistent" time="0.139" /><testcase classname="tests.test_seo_assistant.TestAdminLogin" name="test_admin_login_success" time="0.346" /><testcase classname="tests.test_seo_assistant.TestAdminLogin" name="test_admin_login_invalid_password" time="0.381" /><testcase classname="tests.test_seo_assistant.TestAdminLogin" name="test_admin_login_invalid_username" time="0.268" /><testcase classname="tests.test_seo_assistant.TestHomepageEndpoints" name="test_homepage_bonus_sites" time="0.145" /><testcase classname="tests.test_seo_assistant.TestHomepageEndpoints" name="test_homepage_articles" time="0.130" /><testcase classname="tests.test_seo_assistant.TestHomepageEndpoints" name="test_health_endpoint" time="0.145" /></testsuite></testsuites>