<?xml version="1.0" encoding="utf-8"?><testsuites name="pytest tests"><testsuite name="pytest" errors="0" failures="0" skipped="0" tests="14" time="23.544" timestamp="2026-03-14T19:50:30.483688+00:00" hostname="agent-env-6340ecb7-1c32-4729-ae9e-0baf05a9afe6"><testcase classname="backend.tests.test_serp_intelligence.TestSERPStatus" name="test_serp_status_returns_3_providers" time="0.281" /><testcase classname="backend.tests.test_serp_intelligence.TestSERPStatus" name="test_serp_status_provider_capabilities" time="0.135" /><testcase classname="backend.tests.test_serp_intelligence.TestSERPValidateKeywords" name="test_validate_keywords_ai_fallback" time="3.494" /><testcase classname="backend.tests.test_serp_intelligence.TestSERPDifficulty" name="test_serp_difficulty_ai_fallback" time="2.847" /><testcase classname="backend.tests.test_serp_intelligence.TestSERPOpportunities" name="test_opportunities_endpoint_structure" time="3.693" /><testcase classname="backend.tests.test_serp_intelligence.TestSERPCompetitorGap" name="test_competitor_gap_endpoint_structure" time="4.122" /><testcase classname="backend.tests.test_serp_intelligence.TestSERPLongtail" name="test_longtail_endpoint_structure" time="8.128" /><testcase classname="backend.tests.test_serp_intelligence.TestExistingAgentEndpoints" name="test_agents_status_still_works" time="0.155" /><testcase classname="backend.tests.test_serp_intelligence.TestExistingAgentEndpoints" name="test_linking_audit_still_works" time="0.115" /><testcase classname="backend.tests.test_serp_intelligence.TestExistingRoutes" name="test_bonus_sites_still_works" time="0.123" /><testcase classname="backend.tests.test_serp_intelligence.TestExistingRoutes" name="test_firma_sub_slug_type_still_works" time="0.119" /><testcase classname="backend.tests.test_serp_intelligence.TestProviderAbstraction" name="test_all_providers_same_capabilities" time="0.109" /><testcase classname="backend.tests.test_serp_intelligence.TestProviderAbstraction" name="test_providers_show_not_configured" time="0.119" /><testcase classname="backend.tests.test_serp_intelligence.TestEnvVarsPresent" name="test_env_vars_in_dotenv" time="0.000" /></testsuite></testsuites>