<?xml version="1.0" encoding="utf-8"?><testsuites name="pytest tests"><testsuite name="pytest" errors="0" failures="1" skipped="0" tests="25" time="7.159" timestamp="2026-02-27T23:54:28.371825+00:00" hostname="agent-env-ec3d9910-2d21-45a4-9240-46a98301e61a"><testcase classname="backend.tests.test_telegram_endpoints.TestTelegramAuthStatus" name="test_auth_status_returns_200" time="1.354" /><testcase classname="backend.tests.test_telegram_endpoints.TestTelegramAuthStatus" name="test_auth_status_unauthorized_without_token" time="0.119" /><testcase classname="backend.tests.test_telegram_endpoints.TestTelegramStats" name="test_stats_returns_200" time="0.468" /><testcase classname="backend.tests.test_telegram_endpoints.TestTelegramStats" name="test_stats_unauthorized_without_token" time="0.109" /><testcase classname="backend.tests.test_telegram_endpoints.TestTelegramBotsList" name="test_bots_list_returns_200" time="0.472" /><testcase classname="backend.tests.test_telegram_endpoints.TestTelegramBotsList" name="test_bots_list_with_search" time="0.118" /><testcase classname="backend.tests.test_telegram_endpoints.TestTelegramBotsList" name="test_bots_list_unauthorized_without_token" time="0.116" /><testcase classname="backend.tests.test_telegram_endpoints.TestFirmBotMap" name="test_firm_bot_map_returns_200" time="0.485" /><testcase classname="backend.tests.test_telegram_endpoints.TestFirmBotMap" name="test_firm_bot_map_unauthorized_without_token" time="0.138" /><testcase classname="backend.tests.test_telegram_endpoints.TestCreateSingleBot" name="test_create_bot_requires_firm_id" time="0.453" /><testcase classname="backend.tests.test_telegram_endpoints.TestCreateSingleBot" name="test_create_bot_returns_proper_error_without_auth" time="0.289" /><testcase classname="backend.tests.test_telegram_endpoints.TestCreateSingleBot" name="test_create_bot_invalid_firm_id" time="0.112" /><testcase classname="backend.tests.test_telegram_endpoints.TestCreateSingleBot" name="test_create_bot_unauthorized_without_token" time="0.102" /><testcase classname="backend.tests.test_telegram_endpoints.TestBulkCreateBots" name="test_bulk_create_returns_proper_response" time="0.441" /><testcase classname="backend.tests.test_telegram_endpoints.TestBulkCreateBots" name="test_bulk_create_unauthorized_without_token" time="0.101" /><testcase classname="backend.tests.test_telegram_endpoints.TestBroadcast" name="test_broadcast_requires_message" time="0.451" /><testcase classname="backend.tests.test_telegram_endpoints.TestBroadcast" name="test_broadcast_requires_bot_target" time="0.108" /><testcase classname="backend.tests.test_telegram_endpoints.TestBroadcast" name="test_broadcast_with_all_bots_no_active" time="0.106" /><testcase classname="backend.tests.test_telegram_endpoints.TestBroadcast" name="test_broadcast_unauthorized_without_token" time="0.102" /><testcase classname="backend.tests.test_telegram_endpoints.TestDeleteBot" name="test_delete_nonexistent_bot" time="0.452" /><testcase classname="backend.tests.test_telegram_endpoints.TestDeleteBot" name="test_delete_unauthorized_without_token" time="0.101" /><testcase classname="backend.tests.test_telegram_endpoints.TestWebhookPublic" name="test_webhook_accepts_empty_body" time="0.108" /><testcase classname="backend.tests.test_telegram_endpoints.TestWebhookPublic" name="test_webhook_handles_message_without_chat" time="0.099" /><testcase classname="backend.tests.test_telegram_endpoints.TestWebhookPublic" name="test_webhook_handles_update_without_message" time="0.120" /><testcase classname="backend.tests.test_telegram_endpoints.TestDashboardTelegramStats" name="test_dashboard_includes_telegram_bots" time="0.486"><failure message="AssertionError: Expected 200, got 404: {&quot;detail&quot;:&quot;Not Found&quot;}&#10;assert 404 == 200&#10; +  where 404 = &lt;Response [404]&gt;.status_code">backend/tests/test_telegram_endpoints.py:347: in test_dashboard_includes_telegram_bots
    assert resp.status_code == 200, f"Expected 200, got {resp.status_code}: {resp.text}"
E   AssertionError: Expected 200, got 404: {"detail":"Not Found"}
E   assert 404 == 200
E    +  where 404 = &lt;Response [404]&gt;.status_code</failure></testcase></testsuite></testsuites>