<?xml version="1.0" encoding="utf-8"?><testsuites name="pytest tests"><testsuite name="pytest" errors="0" failures="0" skipped="0" tests="22" time="5.614" timestamp="2026-03-14T23:33:49.117328+00:00" hostname="agent-env-6340ecb7-1c32-4729-ae9e-0baf05a9afe6"><testcase classname="backend.tests.test_video_library.TestVideoList" name="test_videos_list_returns_200" time="0.281" /><testcase classname="backend.tests.test_video_library.TestVideoList" name="test_videos_list_has_video_fields" time="0.149" /><testcase classname="backend.tests.test_video_library.TestVideoList" name="test_videos_filter_by_category" time="0.158" /><testcase classname="backend.tests.test_video_library.TestVideoList" name="test_videos_filter_by_company_slug" time="0.131" /><testcase classname="backend.tests.test_video_library.TestVideoList" name="test_videos_limit_parameter" time="0.132" /><testcase classname="backend.tests.test_video_library.TestVideoDetail" name="test_video_detail_returns_200" time="0.274" /><testcase classname="backend.tests.test_video_library.TestVideoDetail" name="test_video_detail_has_required_fields" time="0.277" /><testcase classname="backend.tests.test_video_library.TestVideoDetail" name="test_video_detail_increments_view_count" time="0.405" /><testcase classname="backend.tests.test_video_library.TestVideoDetail" name="test_video_detail_returns_related_videos" time="0.258" /><testcase classname="backend.tests.test_video_library.TestVideoDetail" name="test_video_detail_returns_company_info" time="0.286" /><testcase classname="backend.tests.test_video_library.TestVideoDetail" name="test_video_detail_404_for_nonexistent" time="0.139" /><testcase classname="backend.tests.test_video_library.TestVideoRegister" name="test_register_requires_auth" time="0.127" /><testcase classname="backend.tests.test_video_library.TestVideoRegister" name="test_register_with_auth_creates_video" time="0.494" /><testcase classname="backend.tests.test_video_library.TestVideoDelete" name="test_delete_requires_auth" time="0.140" /><testcase classname="backend.tests.test_video_library.TestVideoDelete" name="test_delete_with_auth_soft_deletes" time="0.803" /><testcase classname="backend.tests.test_video_library.TestVideoDelete" name="test_delete_nonexistent_returns_404" time="0.492" /><testcase classname="backend.tests.test_video_library.TestVideoUpload" name="test_upload_requires_auth" time="0.126" /><testcase classname="backend.tests.test_video_library.TestVideoFile" name="test_video_file_404_for_nonexistent" time="0.137" /><testcase classname="backend.tests.test_video_library.TestVideoFile" name="test_video_file_404_for_external_video" time="0.285" /><testcase classname="backend.tests.test_video_library.TestExistingRoutesRegression" name="test_homepage_api_works" time="0.169" /><testcase classname="backend.tests.test_video_library.TestExistingRoutesRegression" name="test_deneme_bonusu_api_works" time="0.145" /><testcase classname="backend.tests.test_video_library.TestExistingRoutesRegression" name="test_tulipbet_guncel_giris_api_works" time="0.127" /></testsuite></testsuites>