<?xml version="1.0" encoding="utf-8"?><testsuites name="pytest tests"><testsuite name="pytest" errors="0" failures="0" skipped="0" tests="16" time="2.334" timestamp="2026-02-26T23:45:31.042170+00:00" hostname="agent-env-d534aeb0-0437-4fe1-a8c0-5f712ef5fd38"><testcase classname="backend.tests.test_video_endpoints.TestVideoAPI" name="test_firma_video_api_returns_200" time="0.168" /><testcase classname="backend.tests.test_video_endpoints.TestVideoAPI" name="test_firma_video_canonical_url_format" time="0.128" /><testcase classname="backend.tests.test_video_endpoints.TestVideoAPI" name="test_firma_video_amp_url_format" time="0.122" /><testcase classname="backend.tests.test_video_endpoints.TestAMPVideoEndpoint" name="test_amp_video_returns_html" time="0.118" /><testcase classname="backend.tests.test_video_endpoints.TestAMPVideoEndpoint" name="test_amp_video_has_canonical_link" time="0.181" /><testcase classname="backend.tests.test_video_endpoints.TestAMPVideoEndpoint" name="test_amp_video_has_video_schema" time="0.114" /><testcase classname="backend.tests.test_video_endpoints.TestSitemapIndex" name="test_sitemap_index_returns_xml" time="0.109" /><testcase classname="backend.tests.test_video_endpoints.TestSitemapIndex" name="test_sitemap_index_has_videos_sitemap" time="0.111" /><testcase classname="backend.tests.test_video_endpoints.TestSitemapIndex" name="test_sitemap_index_has_amp_videos_sitemap" time="0.127" /><testcase classname="backend.tests.test_video_endpoints.TestVideoSitemap" name="test_video_sitemap_returns_xml" time="0.196" /><testcase classname="backend.tests.test_video_endpoints.TestVideoSitemap" name="test_video_sitemap_has_video_urls" time="0.191" /><testcase classname="backend.tests.test_video_endpoints.TestAMPVideoSitemap" name="test_amp_video_sitemap_returns_xml" time="0.130" /><testcase classname="backend.tests.test_video_endpoints.TestAMPVideoSitemap" name="test_amp_video_sitemap_has_amp_urls" time="0.106" /><testcase classname="backend.tests.test_video_endpoints.TestExistingAMPRegression" name="test_existing_amp_endpoint_still_works" time="0.157" /><testcase classname="backend.tests.test_video_endpoints.TestExistingAMPRegression" name="test_existing_amp_sitemap_still_works" time="0.117" /><testcase classname="backend.tests.test_video_endpoints.TestExistingAMPRegression" name="test_existing_firma_endpoint_still_works" time="0.128" /></testsuite></testsuites>